[Info  - 12:59:51 p.m.] Angular language server process ID: 2937
[Info  - 12:59:51 p.m.] Using typescript/lib/tsserverlibrary v4.1.5 from /home/petro/.vscode/extensions/angular.ng-template-11.2.14/node_modules/typescript/lib/tsserverlibrary.js
[Info  - 12:59:51 p.m.] Using @angular/language-service v11.2.12 from /home/petro/.vscode/extensions/angular.ng-template-11.2.14/node_modules/@angular/language-service/bundles/language-service.js
[Info  - 12:59:51 p.m.] Logging is turned off. To enable, run command 'Open Angular server log'.
[Info  - 1:00:19 p.m.] Disabling language service for /home/petro/Desktop/angularKnowledge/knowledgedepot-angular-clone/tsconfig.json because it is not an Angular project ('@angular/core' could not be found).
[Error - 1:00:20 p.m.] Unknown compiler option 'noImplicitOverride'.
Unknown compiler option 'noPropertyAccessFromIndexSignature'.
Argument for '--target' option must be: 'es3', 'es5', 'es6', 'es2015', 'es2016', 'es2017', 'es2018', 'es2019', 'es2020', 'esnext'.
Argument for '--module' option must be: 'none', 'commonjs', 'amd', 'system', 'umd', 'es6', 'es2015', 'es2020', 'esnext'.
Argument for '--lib' option must be: 'es5', 'es6', 'es2015', 'es7', 'es2016', 'es2017', 'es2018', 'es2019', 'es2020', 'esnext', 'dom', 'dom.iterable', 'webworker', 'webworker.importscripts', 'webworker.iterable', 'scripthost', 'es2015.core', 'es2015.collection', 'es2015.generator', 'es2015.iterable', 'es2015.promise', 'es2015.proxy', 'es2015.reflect', 'es2015.symbol', 'es2015.symbol.wellknown', 'es2016.array.include', 'es2017.object', 'es2017.sharedmemory', 'es2017.string', 'es2017.intl', 'es2017.typedarrays', 'es2018.asyncgenerator', 'es2018.asynciterable', 'es2018.intl', 'es2018.promise', 'es2018.regexp', 'es2019.array', 'es2019.object', 'es2019.string', 'es2019.symbol', 'es2020.bigint', 'es2020.promise', 'es2020.sharedmemory', 'es2020.string', 'es2020.symbol.wellknown', 'es2020.intl', 'esnext.array', 'esnext.symbol', 'esnext.asynciterable', 'esnext.intl', 'esnext.bigint', 'esnext.string', 'esnext.promise', 'esnext.weakref'.
[Error - 1:04:40 p.m.] No config file for /home/petro/Desktop/angularKnowledge/knowledgedepot-angular-clone/src/app/common/services/ifAuthenticated.service.ts
[Error - 1:04:40 p.m.] No config file for /home/petro/Desktop/angularKnowledge/knowledgedepot-angular-clone/src/app/common/services/ifAuthenticated.service.ts
[Error - 1:04:40 p.m.] No config file for /home/petro/Desktop/angularKnowledge/knowledgedepot-angular-clone/src/app/common/services/ifAuthenticated.service.ts
[Error - 1:04:40 p.m.] No config file for /home/petro/Desktop/angularKnowledge/knowledgedepot-angular-clone/src/app/common/services/ifAuthenticated.service.ts
[Error - 1:04:52 p.m.] No config file for /home/petro/Desktop/angularKnowledge/knowledgedepot-angular-clone/src/app/common/services/ifAuthenticated.service.ts
[Error - 1:04:52 p.m.] No config file for /home/petro/Desktop/angularKnowledge/knowledgedepot-angular-clone/src/app/common/services/ifAuthenticated.service.ts
[Error - 1:04:53 p.m.] No config file for /home/petro/Desktop/angularKnowledge/knowledgedepot-angular-clone/src/app/common/services/ifAuthenticated.service.ts
[Error - 1:04:58 p.m.] No config file for /home/petro/Desktop/angularKnowledge/knowledgedepot-angular-clone/src/app/common/services/ifAuthenticated.service.ts
[Error - 1:05:07 p.m.] No config file for /home/petro/Desktop/angularKnowledge/knowledgedepot-angular-clone/src/app/common/services/ifAuthenticated.service.ts
[Error - 1:05:12 p.m.] No config file for /home/petro/Desktop/angularKnowledge/knowledgedepot-angular-clone/src/app/common/services/ifAuthenticated.service.ts
[Error - 1:05:12 p.m.] No config file for /home/petro/Desktop/angularKnowledge/knowledgedepot-angular-clone/src/app/common/services/ifAuthenticated.service.ts
[Error - 1:05:12 p.m.] No config file for /home/petro/Desktop/angularKnowledge/knowledgedepot-angular-clone/src/app/common/services/ifAuthenticated.service.ts
[Error - 1:05:15 p.m.] No config file for /home/petro/Desktop/angularKnowledge/knowledgedepot-angular-clone/src/app/common/services/ifAuthenticated.service.ts
[Error - 1:05:15 p.m.] No config file for /home/petro/Desktop/angularKnowledge/knowledgedepot-angular-clone/src/app/common/services/ifAuthenticated.service.ts
[Error - 1:05:15 p.m.] No config file for /home/petro/Desktop/angularKnowledge/knowledgedepot-angular-clone/src/app/common/services/ifAuthenticated.service.ts
[Error - 1:05:15 p.m.] No config file for /home/petro/Desktop/angularKnowledge/knowledgedepot-angular-clone/src/app/common/services/ifAuthenticated.service.ts
[Error - 1:05:15 p.m.] No config file for /home/petro/Desktop/angularKnowledge/knowledgedepot-angular-clone/src/app/common/services/ifAuthenticated.service.ts
[Error - 1:05:16 p.m.] No config file for /home/petro/Desktop/angularKnowledge/knowledgedepot-angular-clone/src/app/common/services/ifAuthenticated.service.ts
[Error - 1:05:20 p.m.] No config file for /home/petro/Desktop/angularKnowledge/knowledgedepot-angular-clone/src/app/common/services/ifAuthenticated.service.ts
[Error - 1:05:20 p.m.] No config file for /home/petro/Desktop/angularKnowledge/knowledgedepot-angular-clone/src/app/common/services/ifAuthenticated.service.ts
[Error - 1:05:20 p.m.] No config file for /home/petro/Desktop/angularKnowledge/knowledgedepot-angular-clone/src/app/common/services/ifAuthenticated.service.ts
[Error - 1:05:26 p.m.] No config file for /home/petro/Desktop/angularKnowledge/knowledgedepot-angular-clone/src/app/common/services/ifAuthenticated.service.ts
[Error - 1:05:27 p.m.] No config file for /home/petro/Desktop/angularKnowledge/knowledgedepot-angular-clone/src/app/common/services/ifAuthenticated.service.ts
[Error - 1:05:27 p.m.] No config file for /home/petro/Desktop/angularKnowledge/knowledgedepot-angular-clone/src/app/common/services/ifAuthenticated.service.ts
[Error - 1:05:47 p.m.] No config file for /home/petro/Desktop/angularKnowledge/knowledgedepot-angular-clone/src/app/common/services/ifAuthenticated.service.ts
[Error - 1:07:08 p.m.] No config file for /home/petro/Desktop/angularKnowledge/knowledgedepot-angular-clone/src/app/common/services/ifAuthenticated.service.ts
[Error - 1:07:36 p.m.] No config file for /home/petro/Desktop/angularKnowledge/knowledgedepot-angular-clone/src/app/common/services/ifAuthenticated.service.ts
[Error - 1:07:37 p.m.] No config file for /home/petro/Desktop/angularKnowledge/knowledgedepot-angular-clone/src/app/common/services/ifAuthenticated.service.ts
[Error - 1:07:40 p.m.] No config file for /home/petro/Desktop/angularKnowledge/knowledgedepot-angular-clone/src/app/common/services/ifAuthenticated.service.ts
[Error - 1:07:42 p.m.] No config file for /home/petro/Desktop/angularKnowledge/knowledgedepot-angular-clone/src/app/common/services/ifAuthenticated.service.ts
[Error - 1:07:42 p.m.] No config file for /home/petro/Desktop/angularKnowledge/knowledgedepot-angular-clone/src/app/common/services/ifAuthenticated.service.ts
[Error - 1:07:42 p.m.] No config file for /home/petro/Desktop/angularKnowledge/knowledgedepot-angular-clone/src/app/common/services/ifAuthenticated.service.ts
[Error - 1:07:43 p.m.] No config file for /home/petro/Desktop/angularKnowledge/knowledgedepot-angular-clone/src/app/common/services/ifAuthenticated.service.ts
[Error - 1:07:43 p.m.] No config file for /home/petro/Desktop/angularKnowledge/knowledgedepot-angular-clone/src/app/common/services/ifAuthenticated.service.ts
[Error - 1:07:43 p.m.] No config file for /home/petro/Desktop/angularKnowledge/knowledgedepot-angular-clone/src/app/common/services/ifAuthenticated.service.ts
[Error - 1:07:43 p.m.] No config file for /home/petro/Desktop/angularKnowledge/knowledgedepot-angular-clone/src/app/common/services/ifAuthenticated.service.ts
[Error - 1:07:44 p.m.] No config file for /home/petro/Desktop/angularKnowledge/knowledgedepot-angular-clone/src/app/common/services/ifAuthenticated.service.ts
[Error - 1:07:44 p.m.] No config file for /home/petro/Desktop/angularKnowledge/knowledgedepot-angular-clone/src/app/common/services/ifAuthenticated.service.ts
[Error - 1:07:45 p.m.] No config file for /home/petro/Desktop/angularKnowledge/knowledgedepot-angular-clone/src/app/common/services/ifAuthenticated.service.ts
[Error - 1:07:45 p.m.] No config file for /home/petro/Desktop/angularKnowledge/knowledgedepot-angular-clone/src/app/common/services/ifAuthenticated.service.ts
[Error - 1:07:47 p.m.] No config file for /home/petro/Desktop/angularKnowledge/knowledgedepot-angular-clone/src/app/common/services/ifAuthenticated.service.ts
[Error - 1:07:48 p.m.] No config file for /home/petro/Desktop/angularKnowledge/knowledgedepot-angular-clone/src/app/common/services/ifAuthenticated.service.ts
[Error - 1:07:49 p.m.] No config file for /home/petro/Desktop/angularKnowledge/knowledgedepot-angular-clone/src/app/common/services/ifAuthenticated.service.ts
[Error - 1:07:49 p.m.] No config file for /home/petro/Desktop/angularKnowledge/knowledgedepot-angular-clone/src/app/common/services/ifAuthenticated.service.ts
[Error - 1:07:50 p.m.] No config file for /home/petro/Desktop/angularKnowledge/knowledgedepot-angular-clone/src/app/common/services/ifAuthenticated.service.ts
[Error - 1:07:50 p.m.] No config file for /home/petro/Desktop/angularKnowledge/knowledgedepot-angular-clone/src/app/common/services/ifAuthenticated.service.ts
[Error - 1:07:50 p.m.] No config file for /home/petro/Desktop/angularKnowledge/knowledgedepot-angular-clone/src/app/common/services/ifAuthenticated.service.ts
[Error - 1:07:51 p.m.] No config file for /home/petro/Desktop/angularKnowledge/knowledgedepot-angular-clone/src/app/common/services/ifAuthenticated.service.ts
[Error - 1:07:51 p.m.] No config file for /home/petro/Desktop/angularKnowledge/knowledgedepot-angular-clone/src/app/common/services/ifAuthenticated.service.ts
[Error - 1:07:54 p.m.] No config file for /home/petro/Desktop/angularKnowledge/knowledgedepot-angular-clone/src/app/common/services/ifAuthenticated.service.ts
[Error - 1:07:54 p.m.] No config file for /home/petro/Desktop/angularKnowledge/knowledgedepot-angular-clone/src/app/common/services/ifAuthenticated.service.ts
[Error - 1:07:54 p.m.] No config file for /home/petro/Desktop/angularKnowledge/knowledgedepot-angular-clone/src/app/common/services/ifAuthenticated.service.ts
[Error - 1:07:56 p.m.] No config file for /home/petro/Desktop/angularKnowledge/knowledgedepot-angular-clone/src/app/common/services/ifAuthenticated.service.ts
[Error - 1:07:57 p.m.] No config file for /home/petro/Desktop/angularKnowledge/knowledgedepot-angular-clone/src/app/common/services/ifAuthenticated.service.ts
[Error - 1:08:00 p.m.] No config file for /home/petro/Desktop/angularKnowledge/knowledgedepot-angular-clone/src/app/common/services/ifAuthenticated.service.ts
[Error - 1:08:10 p.m.] No config file for /home/petro/Desktop/angularKnowledge/knowledgedepot-angular-clone/src/app/common/services/ifAuthenticated.service.ts
[Error - 1:08:15 p.m.] No config file for /home/petro/Desktop/angularKnowledge/knowledgedepot-angular-clone/src/app/common/services/ifAuthenticated.service.ts
[Error - 1:08:15 p.m.] No config file for /home/petro/Desktop/angularKnowledge/knowledgedepot-angular-clone/src/app/common/services/ifAuthenticated.service.ts
[Error - 1:08:16 p.m.] No config file for /home/petro/Desktop/angularKnowledge/knowledgedepot-angular-clone/src/app/common/services/ifAuthenticated.service.ts
[Error - 1:08:17 p.m.] No config file for /home/petro/Desktop/angularKnowledge/knowledgedepot-angular-clone/src/app/common/services/ifAuthenticated.service.ts
[Error - 1:08:17 p.m.] No config file for /home/petro/Desktop/angularKnowledge/knowledgedepot-angular-clone/src/app/common/services/ifAuthenticated.service.ts
[Error - 1:08:17 p.m.] No config file for /home/petro/Desktop/angularKnowledge/knowledgedepot-angular-clone/src/app/common/services/ifAuthenticated.service.ts
[Error - 1:08:18 p.m.] No config file for /home/petro/Desktop/angularKnowledge/knowledgedepot-angular-clone/src/app/common/services/ifAuthenticated.service.ts
[Error - 1:08:18 p.m.] No config file for /home/petro/Desktop/angularKnowledge/knowledgedepot-angular-clone/src/app/common/services/ifAuthenticated.service.ts
[Error - 1:08:19 p.m.] No config file for /home/petro/Desktop/angularKnowledge/knowledgedepot-angular-clone/src/app/common/services/ifAuthenticated.service.ts
[Error - 1:08:21 p.m.] No config file for /home/petro/Desktop/angularKnowledge/knowledgedepot-angular-clone/src/app/common/services/ifAuthenticated.service.ts
[Error - 1:08:45 p.m.] No config file for /home/petro/Desktop/angularKnowledge/knowledgedepot-angular-clone/src/app/common/services/ifAuthenticated.service.ts
[Error - 1:08:46 p.m.] No config file for /home/petro/Desktop/angularKnowledge/knowledgedepot-angular-clone/src/app/common/services/ifAuthenticated.service.ts
[Error - 1:08:48 p.m.] No config file for /home/petro/Desktop/angularKnowledge/knowledgedepot-angular-clone/src/app/common/services/ifAuthenticated.service.ts
[Error - 1:08:51 p.m.] No config file for /home/petro/Desktop/angularKnowledge/knowledgedepot-angular-clone/src/app/common/services/ifAuthenticated.service.ts
[Error - 1:08:51 p.m.] No config file for /home/petro/Desktop/angularKnowledge/knowledgedepot-angular-clone/src/app/common/services/ifAuthenticated.service.ts
[Error - 1:08:52 p.m.] No config file for /home/petro/Desktop/angularKnowledge/knowledgedepot-angular-clone/src/app/common/services/ifAuthenticated.service.ts
[Error - 1:08:52 p.m.] No config file for /home/petro/Desktop/angularKnowledge/knowledgedepot-angular-clone/src/app/common/services/ifAuthenticated.service.ts
[Error - 1:08:52 p.m.] No config file for /home/petro/Desktop/angularKnowledge/knowledgedepot-angular-clone/src/app/common/services/ifAuthenticated.service.ts
[Error - 1:08:52 p.m.] No config file for /home/petro/Desktop/angularKnowledge/knowledgedepot-angular-clone/src/app/common/services/ifAuthenticated.service.ts
[Error - 1:08:53 p.m.] No config file for /home/petro/Desktop/angularKnowledge/knowledgedepot-angular-clone/src/app/common/services/ifAuthenticated.service.ts
[Error - 1:08:53 p.m.] No config file for /home/petro/Desktop/angularKnowledge/knowledgedepot-angular-clone/src/app/common/services/ifAuthenticated.service.ts
[Error - 1:08:58 p.m.] No config file for /home/petro/Desktop/angularKnowledge/knowledgedepot-angular-clone/src/app/common/services/ifAuthenticated.service.ts
[Error - 1:09:03 p.m.] No config file for /home/petro/Desktop/angularKnowledge/knowledgedepot-angular-clone/src/app/common/services/ifAuthenticated.service.ts
[Error - 1:09:03 p.m.] No config file for /home/petro/Desktop/angularKnowledge/knowledgedepot-angular-clone/src/app/common/services/ifAuthenticated.service.ts
[Error - 1:09:03 p.m.] No config file for /home/petro/Desktop/angularKnowledge/knowledgedepot-angular-clone/src/app/common/services/ifAuthenticated.service.ts
[Error - 1:09:04 p.m.] No config file for /home/petro/Desktop/angularKnowledge/knowledgedepot-angular-clone/src/app/common/services/ifAuthenticated.service.ts
[Error - 1:09:05 p.m.] No config file for /home/petro/Desktop/angularKnowledge/knowledgedepot-angular-clone/src/app/common/services/ifAuthenticated.service.ts
[Error - 1:09:05 p.m.] No config file for /home/petro/Desktop/angularKnowledge/knowledgedepot-angular-clone/src/app/common/services/ifAuthenticated.service.ts
[Error - 1:09:07 p.m.] No config file for /home/petro/Desktop/angularKnowledge/knowledgedepot-angular-clone/src/app/common/services/ifAuthenticated.service.ts
[Error - 1:09:08 p.m.] No config file for /home/petro/Desktop/angularKnowledge/knowledgedepot-angular-clone/src/app/common/services/ifAuthenticated.service.ts
[Error - 1:09:13 p.m.] No config file for /home/petro/Desktop/angularKnowledge/knowledgedepot-angular-clone/src/app/common/services/ifAuthenticated.service.ts
[Error - 1:09:13 p.m.] No config file for /home/petro/Desktop/angularKnowledge/knowledgedepot-angular-clone/src/app/common/services/ifAuthenticated.service.ts
[Error - 1:09:14 p.m.] No config file for /home/petro/Desktop/angularKnowledge/knowledgedepot-angular-clone/src/app/common/services/ifAuthenticated.service.ts
[Error - 1:09:16 p.m.] No config file for /home/petro/Desktop/angularKnowledge/knowledgedepot-angular-clone/src/app/common/services/ifAuthenticated.service.ts
[Error - 1:09:23 p.m.] No config file for /home/petro/Desktop/angularKnowledge/knowledgedepot-angular-clone/src/app/common/services/ifAuthenticated.service.ts
[Error - 1:09:30 p.m.] No config file for /home/petro/Desktop/angularKnowledge/knowledgedepot-angular-clone/src/app/common/services/ifAuthenticated.service.ts
[Error - 1:09:32 p.m.] No config file for /home/petro/Desktop/angularKnowledge/knowledgedepot-angular-clone/src/app/common/services/ifAuthenticated.service.ts
[Error - 1:09:32 p.m.] No config file for /home/petro/Desktop/angularKnowledge/knowledgedepot-angular-clone/src/app/common/services/ifAuthenticated.service.ts
[Error - 1:09:33 p.m.] No config file for /home/petro/Desktop/angularKnowledge/knowledgedepot-angular-clone/src/app/common/services/ifAuthenticated.service.ts
[Error - 1:09:33 p.m.] No config file for /home/petro/Desktop/angularKnowledge/knowledgedepot-angular-clone/src/app/common/services/ifAuthenticated.service.ts
[Error - 1:09:34 p.m.] No config file for /home/petro/Desktop/angularKnowledge/knowledgedepot-angular-clone/src/app/common/services/ifAuthenticated.service.ts
[Error - 1:09:41 p.m.] No config file for /home/petro/Desktop/angularKnowledge/knowledgedepot-angular-clone/src/app/common/services/ifAuthenticated.service.ts
[Error - 1:09:41 p.m.] No config file for /home/petro/Desktop/angularKnowledge/knowledgedepot-angular-clone/src/app/common/services/ifAuthenticated.service.ts
[Error - 1:09:42 p.m.] No config file for /home/petro/Desktop/angularKnowledge/knowledgedepot-angular-clone/src/app/common/services/ifAuthenticated.service.ts
[Error - 1:09:42 p.m.] No config file for /home/petro/Desktop/angularKnowledge/knowledgedepot-angular-clone/src/app/common/services/ifAuthenticated.service.ts
[Error - 1:09:52 p.m.] No config file for /home/petro/Desktop/angularKnowledge/knowledgedepot-angular-clone/src/app/common/services/ifAuthenticated.service.ts
[Error - 1:09:54 p.m.] No config file for /home/petro/Desktop/angularKnowledge/knowledgedepot-angular-clone/src/app/common/services/ifAuthenticated.service.ts
[Error - 1:09:55 p.m.] No config file for /home/petro/Desktop/angularKnowledge/knowledgedepot-angular-clone/src/app/common/services/ifAuthenticated.service.ts
[Error - 1:09:56 p.m.] No config file for /home/petro/Desktop/angularKnowledge/knowledgedepot-angular-clone/src/app/common/services/ifAuthenticated.service.ts
[Error - 1:09:56 p.m.] No config file for /home/petro/Desktop/angularKnowledge/knowledgedepot-angular-clone/src/app/common/services/ifAuthenticated.service.ts
[Error - 1:09:56 p.m.] No config file for /home/petro/Desktop/angularKnowledge/knowledgedepot-angular-clone/src/app/common/services/ifAuthenticated.service.ts
[Error - 1:09:57 p.m.] No config file for /home/petro/Desktop/angularKnowledge/knowledgedepot-angular-clone/src/app/common/services/ifAuthenticated.service.ts
[Error - 1:15:06 p.m.] No config file for /home/petro/Desktop/angularKnowledge/knowledgedepot-angular-clone/src/app/components/results/results.component.ts
[Error - 1:16:09 p.m.] No config file for /home/petro/Desktop/angularKnowledge/knowledgedepot-angular-clone/src/app/common/services/ifAuthenticated.service.ts
[Error - 1:16:10 p.m.] No config file for /home/petro/Desktop/angularKnowledge/knowledgedepot-angular-clone/src/app/common/services/ifAuthenticated.service.ts
[Error - 1:16:10 p.m.] No config file for /home/petro/Desktop/angularKnowledge/knowledgedepot-angular-clone/src/app/common/services/ifAuthenticated.service.ts
[Error - 1:16:10 p.m.] No config file for /home/petro/Desktop/angularKnowledge/knowledgedepot-angular-clone/src/app/common/services/ifAuthenticated.service.ts
[Error - 1:16:29 p.m.] No config file for /home/petro/Desktop/angularKnowledge/knowledgedepot-angular-clone/src/app/common/services/ifAuthenticated.service.ts
[Error - 1:17:04 p.m.] No config file for /home/petro/Desktop/angularKnowledge/knowledgedepot-angular-clone/src/app/components/results/results.component.ts
[Error - 1:17:37 p.m.] No config file for /home/petro/Desktop/angularKnowledge/knowledgedepot-angular-clone/src/app/components/results/results.component.ts
[Error - 1:17:38 p.m.] No config file for /home/petro/Desktop/angularKnowledge/knowledgedepot-angular-clone/src/app/components/results/results.component.ts
[Error - 1:17:38 p.m.] No config file for /home/petro/Desktop/angularKnowledge/knowledgedepot-angular-clone/src/app/components/results/results.component.ts
[Error - 1:17:39 p.m.] No config file for /home/petro/Desktop/angularKnowledge/knowledgedepot-angular-clone/src/app/components/results/results.component.ts
[Error - 1:17:40 p.m.] No config file for /home/petro/Desktop/angularKnowledge/knowledgedepot-angular-clone/src/app/components/results/results.component.ts
[Error - 1:17:40 p.m.] No config file for /home/petro/Desktop/angularKnowledge/knowledgedepot-angular-clone/src/app/components/results/results.component.ts
[Error - 1:17:40 p.m.] No config file for /home/petro/Desktop/angularKnowledge/knowledgedepot-angular-clone/src/app/components/results/results.component.ts
[Error - 1:17:40 p.m.] No config file for /home/petro/Desktop/angularKnowledge/knowledgedepot-angular-clone/src/app/components/results/results.component.ts
[Error - 1:17:40 p.m.] No config file for /home/petro/Desktop/angularKnowledge/knowledgedepot-angular-clone/src/app/components/results/results.component.ts
[Error - 1:17:41 p.m.] No config file for /home/petro/Desktop/angularKnowledge/knowledgedepot-angular-clone/src/app/components/results/results.component.ts
[Error - 1:17:41 p.m.] No config file for /home/petro/Desktop/angularKnowledge/knowledgedepot-angular-clone/src/app/components/results/results.component.ts
[Error - 1:17:42 p.m.] No config file for /home/petro/Desktop/angularKnowledge/knowledgedepot-angular-clone/src/app/components/results/results.component.ts
[Error - 1:17:42 p.m.] No config file for /home/petro/Desktop/angularKnowledge/knowledgedepot-angular-clone/src/app/components/results/results.component.ts
[Error - 1:17:44 p.m.] No config file for /home/petro/Desktop/angularKnowledge/knowledgedepot-angular-clone/src/app/components/results/results.component.ts
[Error - 1:17:45 p.m.] No config file for /home/petro/Desktop/angularKnowledge/knowledgedepot-angular-clone/src/app/components/results/results.component.ts
[Error - 1:17:46 p.m.] No config file for /home/petro/Desktop/angularKnowledge/knowledgedepot-angular-clone/src/app/components/results/results.component.ts
[Error - 1:17:46 p.m.] No config file for /home/petro/Desktop/angularKnowledge/knowledgedepot-angular-clone/src/app/components/results/results.component.ts
[Error - 1:17:46 p.m.] No config file for /home/petro/Desktop/angularKnowledge/knowledgedepot-angular-clone/src/app/components/results/results.component.ts
[Error - 1:17:47 p.m.] No config file for /home/petro/Desktop/angularKnowledge/knowledgedepot-angular-clone/src/app/components/results/results.component.ts
[Error - 1:17:47 p.m.] No config file for /home/petro/Desktop/angularKnowledge/knowledgedepot-angular-clone/src/app/components/results/results.component.ts
[Error - 1:17:47 p.m.] No config file for /home/petro/Desktop/angularKnowledge/knowledgedepot-angular-clone/src/app/components/results/results.component.ts
[Error - 1:17:47 p.m.] No config file for /home/petro/Desktop/angularKnowledge/knowledgedepot-angular-clone/src/app/components/results/results.component.ts
[Error - 1:17:50 p.m.] No config file for /home/petro/Desktop/angularKnowledge/knowledgedepot-angular-clone/src/app/components/results/results.component.ts
[Error - 1:17:52 p.m.] No config file for /home/petro/Desktop/angularKnowledge/knowledgedepot-angular-clone/src/app/components/results/results.component.ts
[Error - 1:17:53 p.m.] No config file for /home/petro/Desktop/angularKnowledge/knowledgedepot-angular-clone/src/app/components/results/results.component.ts
[Error - 1:17:53 p.m.] No config file for /home/petro/Desktop/angularKnowledge/knowledgedepot-angular-clone/src/app/components/results/results.component.ts
[Error - 1:17:56 p.m.] No config file for /home/petro/Desktop/angularKnowledge/knowledgedepot-angular-clone/src/app/components/results/results.component.ts
[Error - 1:17:57 p.m.] No config file for /home/petro/Desktop/angularKnowledge/knowledgedepot-angular-clone/src/app/components/results/results.component.ts
[Error - 1:17:57 p.m.] No config file for /home/petro/Desktop/angularKnowledge/knowledgedepot-angular-clone/src/app/components/results/results.component.ts
[Error - 1:17:59 p.m.] No config file for /home/petro/Desktop/angularKnowledge/knowledgedepot-angular-clone/src/app/components/results/results.component.ts
[Error - 1:18:00 p.m.] No config file for /home/petro/Desktop/angularKnowledge/knowledgedepot-angular-clone/src/app/components/results/results.component.ts
[Error - 1:18:03 p.m.] No config file for /home/petro/Desktop/angularKnowledge/knowledgedepot-angular-clone/src/app/components/results/results.component.ts
[Error - 1:18:04 p.m.] No config file for /home/petro/Desktop/angularKnowledge/knowledgedepot-angular-clone/src/app/components/results/results.component.ts
[Error - 1:18:12 p.m.] No config file for /home/petro/Desktop/angularKnowledge/knowledgedepot-angular-clone/src/app/components/results/results.component.ts
[Error - 1:18:13 p.m.] No config file for /home/petro/Desktop/angularKnowledge/knowledgedepot-angular-clone/src/app/components/results/results.component.ts
[Error - 1:18:24 p.m.] No config file for /home/petro/Desktop/angularKnowledge/knowledgedepot-angular-clone/src/app/components/results/results.component.ts
[Error - 1:18:24 p.m.] No config file for /home/petro/Desktop/angularKnowledge/knowledgedepot-angular-clone/src/app/components/results/results.component.ts
[Error - 1:18:24 p.m.] No config file for /home/petro/Desktop/angularKnowledge/knowledgedepot-angular-clone/src/app/components/results/results.component.ts
[Error - 1:18:35 p.m.] No config file for /home/petro/Desktop/angularKnowledge/knowledgedepot-angular-clone/src/app/components/results/results.component.ts
[Error - 1:18:36 p.m.] No config file for /home/petro/Desktop/angularKnowledge/knowledgedepot-angular-clone/src/app/components/results/results.component.ts
[Error - 1:18:37 p.m.] No config file for /home/petro/Desktop/angularKnowledge/knowledgedepot-angular-clone/src/app/components/results/results.component.ts
[Error - 1:18:38 p.m.] No config file for /home/petro/Desktop/angularKnowledge/knowledgedepot-angular-clone/src/app/components/results/results.component.ts
[Error - 1:18:39 p.m.] No config file for /home/petro/Desktop/angularKnowledge/knowledgedepot-angular-clone/src/app/components/results/results.component.ts
[Error - 1:18:39 p.m.] No config file for /home/petro/Desktop/angularKnowledge/knowledgedepot-angular-clone/src/app/components/results/results.component.ts
[Error - 1:18:39 p.m.] No config file for /home/petro/Desktop/angularKnowledge/knowledgedepot-angular-clone/src/app/components/results/results.component.ts
[Error - 1:18:40 p.m.] No config file for /home/petro/Desktop/angularKnowledge/knowledgedepot-angular-clone/src/app/components/results/results.component.ts
[Error - 1:18:41 p.m.] No config file for /home/petro/Desktop/angularKnowledge/knowledgedepot-angular-clone/src/app/components/results/results.component.ts
[Error - 1:18:41 p.m.] No config file for /home/petro/Desktop/angularKnowledge/knowledgedepot-angular-clone/src/app/components/results/results.component.ts
[Error - 1:18:45 p.m.] No config file for /home/petro/Desktop/angularKnowledge/knowledgedepot-angular-clone/src/app/components/results/results.component.ts
[Error - 1:18:47 p.m.] No config file for /home/petro/Desktop/angularKnowledge/knowledgedepot-angular-clone/src/app/components/results/results.component.ts
[Error - 1:19:04 p.m.] No config file for /home/petro/Desktop/angularKnowledge/knowledgedepot-angular-clone/src/app/components/results/results.component.ts
[Error - 1:19:06 p.m.] No config file for /home/petro/Desktop/angularKnowledge/knowledgedepot-angular-clone/src/app/components/results/results.component.ts
[Error - 1:19:07 p.m.] No config file for /home/petro/Desktop/angularKnowledge/knowledgedepot-angular-clone/src/app/components/results/results.component.ts
[Error - 1:19:10 p.m.] No config file for /home/petro/Desktop/angularKnowledge/knowledgedepot-angular-clone/src/app/components/results/results.component.ts
[Error - 1:19:10 p.m.] No config file for /home/petro/Desktop/angularKnowledge/knowledgedepot-angular-clone/src/app/components/results/results.component.ts
[Error - 1:19:12 p.m.] No config file for /home/petro/Desktop/angularKnowledge/knowledgedepot-angular-clone/src/app/components/results/results.component.ts
[Error - 1:19:12 p.m.] No config file for /home/petro/Desktop/angularKnowledge/knowledgedepot-angular-clone/src/app/components/results/results.component.ts
[Error - 1:19:14 p.m.] No config file for /home/petro/Desktop/angularKnowledge/knowledgedepot-angular-clone/src/app/components/results/results.component.ts
[Error - 1:19:25 p.m.] No config file for /home/petro/Desktop/angularKnowledge/knowledgedepot-angular-clone/src/app/components/results/results.component.ts
[Error - 1:19:25 p.m.] No config file for /home/petro/Desktop/angularKnowledge/knowledgedepot-angular-clone/src/app/components/results/results.component.ts
[Error - 1:19:25 p.m.] No config file for /home/petro/Desktop/angularKnowledge/knowledgedepot-angular-clone/src/app/components/results/results.component.ts
[Error - 1:19:25 p.m.] No config file for /home/petro/Desktop/angularKnowledge/knowledgedepot-angular-clone/src/app/components/results/results.component.ts
[Error - 1:19:26 p.m.] No config file for /home/petro/Desktop/angularKnowledge/knowledgedepot-angular-clone/src/app/components/results/results.component.ts
[Error - 1:19:26 p.m.] No config file for /home/petro/Desktop/angularKnowledge/knowledgedepot-angular-clone/src/app/components/results/results.component.ts
[Error - 1:19:34 p.m.] No config file for /home/petro/Desktop/angularKnowledge/knowledgedepot-angular-clone/src/app/components/results/results.component.ts
[Error - 1:19:57 p.m.] No config file for /home/petro/Desktop/angularKnowledge/knowledgedepot-angular-clone/src/app/components/results/results.component.ts
[Error - 1:19:58 p.m.] No config file for /home/petro/Desktop/angularKnowledge/knowledgedepot-angular-clone/src/app/components/results/results.component.ts
[Error - 1:19:58 p.m.] No config file for /home/petro/Desktop/angularKnowledge/knowledgedepot-angular-clone/src/app/components/results/results.component.ts
[Error - 1:20:30 p.m.] No config file for /home/petro/Desktop/angularKnowledge/knowledgedepot-angular-clone/src/app/components/results/results.component.ts
[Error - 1:20:30 p.m.] No config file for /home/petro/Desktop/angularKnowledge/knowledgedepot-angular-clone/src/app/components/results/results.component.ts
[Error - 1:20:30 p.m.] No config file for /home/petro/Desktop/angularKnowledge/knowledgedepot-angular-clone/src/app/components/results/results.component.ts
[Error - 1:20:30 p.m.] No config file for /home/petro/Desktop/angularKnowledge/knowledgedepot-angular-clone/src/app/components/results/results.component.ts
[Error - 1:20:30 p.m.] No config file for /home/petro/Desktop/angularKnowledge/knowledgedepot-angular-clone/src/app/components/results/results.component.ts
[Error - 1:20:30 p.m.] No config file for /home/petro/Desktop/angularKnowledge/knowledgedepot-angular-clone/src/app/components/results/results.component.ts
[Error - 1:20:31 p.m.] No config file for /home/petro/Desktop/angularKnowledge/knowledgedepot-angular-clone/src/app/components/results/results.component.ts
[Error - 1:20:31 p.m.] No config file for /home/petro/Desktop/angularKnowledge/knowledgedepot-angular-clone/src/app/components/results/results.component.ts
[Error - 1:20:31 p.m.] No config file for /home/petro/Desktop/angularKnowledge/knowledgedepot-angular-clone/src/app/components/results/results.component.ts
[Error - 1:20:31 p.m.] No config file for /home/petro/Desktop/angularKnowledge/knowledgedepot-angular-clone/src/app/components/results/results.component.ts
[Error - 1:20:31 p.m.] No config file for /home/petro/Desktop/angularKnowledge/knowledgedepot-angular-clone/src/app/components/results/results.component.ts
[Error - 1:20:31 p.m.] No config file for /home/petro/Desktop/angularKnowledge/knowledgedepot-angular-clone/src/app/components/results/results.component.ts
[Error - 1:20:31 p.m.] No config file for /home/petro/Desktop/angularKnowledge/knowledgedepot-angular-clone/src/app/components/results/results.component.ts
[Error - 1:20:32 p.m.] No config file for /home/petro/Desktop/angularKnowledge/knowledgedepot-angular-clone/src/app/components/results/results.component.ts
[Error - 1:20:32 p.m.] No config file for /home/petro/Desktop/angularKnowledge/knowledgedepot-angular-clone/src/app/components/results/results.component.ts
[Error - 1:20:33 p.m.] No config file for /home/petro/Desktop/angularKnowledge/knowledgedepot-angular-clone/src/app/components/results/results.component.ts
[Error - 1:20:34 p.m.] No config file for /home/petro/Desktop/angularKnowledge/knowledgedepot-angular-clone/src/app/components/results/results.component.ts
[Error - 1:20:39 p.m.] No config file for /home/petro/Desktop/angularKnowledge/knowledgedepot-angular-clone/src/app/components/results/results.component.ts
[Error - 1:20:39 p.m.] No config file for /home/petro/Desktop/angularKnowledge/knowledgedepot-angular-clone/src/app/components/results/results.component.ts
[Error - 1:20:42 p.m.] No config file for /home/petro/Desktop/angularKnowledge/knowledgedepot-angular-clone/src/app/components/results/results.component.ts
[Error - 1:20:42 p.m.] No config file for /home/petro/Desktop/angularKnowledge/knowledgedepot-angular-clone/src/app/components/results/results.component.ts
[Error - 1:20:42 p.m.] No config file for /home/petro/Desktop/angularKnowledge/knowledgedepot-angular-clone/src/app/components/results/results.component.ts
[Error - 1:20:43 p.m.] No config file for /home/petro/Desktop/angularKnowledge/knowledgedepot-angular-clone/src/app/components/results/results.component.ts
[Error - 1:20:52 p.m.] No config file for /home/petro/Desktop/angularKnowledge/knowledgedepot-angular-clone/src/app/components/results/results.component.ts
[Error - 1:20:55 p.m.] No config file for /home/petro/Desktop/angularKnowledge/knowledgedepot-angular-clone/src/app/components/results/results.component.ts
[Error - 1:20:55 p.m.] No config file for /home/petro/Desktop/angularKnowledge/knowledgedepot-angular-clone/src/app/components/results/results.component.ts
[Error - 1:21:02 p.m.] No config file for /home/petro/Desktop/angularKnowledge/knowledgedepot-angular-clone/src/app/components/results/results.component.ts
[Error - 1:21:03 p.m.] No config file for /home/petro/Desktop/angularKnowledge/knowledgedepot-angular-clone/src/app/components/results/results.component.ts
[Error - 1:21:03 p.m.] No config file for /home/petro/Desktop/angularKnowledge/knowledgedepot-angular-clone/src/app/components/results/results.component.ts
[Error - 1:21:03 p.m.] No config file for /home/petro/Desktop/angularKnowledge/knowledgedepot-angular-clone/src/app/components/results/results.component.ts
[Error - 1:21:03 p.m.] No config file for /home/petro/Desktop/angularKnowledge/knowledgedepot-angular-clone/src/app/components/results/results.component.ts
[Error - 1:21:04 p.m.] No config file for /home/petro/Desktop/angularKnowledge/knowledgedepot-angular-clone/src/app/components/results/results.component.ts
[Error - 1:21:04 p.m.] No config file for /home/petro/Desktop/angularKnowledge/knowledgedepot-angular-clone/src/app/components/results/results.component.ts
[Error - 1:21:04 p.m.] No config file for /home/petro/Desktop/angularKnowledge/knowledgedepot-angular-clone/src/app/components/results/results.component.ts
[Error - 1:21:09 p.m.] No config file for /home/petro/Desktop/angularKnowledge/knowledgedepot-angular-clone/src/app/components/results/results.component.ts
[Error - 1:21:10 p.m.] No config file for /home/petro/Desktop/angularKnowledge/knowledgedepot-angular-clone/src/app/components/results/results.component.ts
[Error - 1:21:13 p.m.] No config file for /home/petro/Desktop/angularKnowledge/knowledgedepot-angular-clone/src/app/components/results/results.component.ts
[Error - 1:21:14 p.m.] No config file for /home/petro/Desktop/angularKnowledge/knowledgedepot-angular-clone/src/app/components/results/results.component.ts
[Error - 1:21:16 p.m.] No config file for /home/petro/Desktop/angularKnowledge/knowledgedepot-angular-clone/src/app/components/results/results.component.ts
[Error - 1:21:21 p.m.] No config file for /home/petro/Desktop/angularKnowledge/knowledgedepot-angular-clone/src/app/components/results/results.component.ts
[Error - 1:21:39 p.m.] No config file for /home/petro/Desktop/angularKnowledge/knowledgedepot-angular-clone/src/app/components/results/results.component.ts
[Error - 1:21:39 p.m.] No config file for /home/petro/Desktop/angularKnowledge/knowledgedepot-angular-clone/src/app/components/results/results.component.ts
[Error - 1:21:39 p.m.] No config file for /home/petro/Desktop/angularKnowledge/knowledgedepot-angular-clone/src/app/components/results/results.component.ts
[Error - 1:21:39 p.m.] No config file for /home/petro/Desktop/angularKnowledge/knowledgedepot-angular-clone/src/app/components/results/results.component.ts
[Error - 1:21:40 p.m.] No config file for /home/petro/Desktop/angularKnowledge/knowledgedepot-angular-clone/src/app/components/results/results.component.ts
[Error - 1:21:40 p.m.] No config file for /home/petro/Desktop/angularKnowledge/knowledgedepot-angular-clone/src/app/components/results/results.component.ts
[Error - 1:21:41 p.m.] No config file for /home/petro/Desktop/angularKnowledge/knowledgedepot-angular-clone/src/app/components/results/results.component.ts
[Error - 1:21:42 p.m.] No config file for /home/petro/Desktop/angularKnowledge/knowledgedepot-angular-clone/src/app/components/results/results.component.ts
[Error - 1:21:43 p.m.] No config file for /home/petro/Desktop/angularKnowledge/knowledgedepot-angular-clone/src/app/components/results/results.component.ts
[Error - 1:22:17 p.m.] No config file for /home/petro/Desktop/angularKnowledge/knowledgedepot-angular-clone/src/app/components/results/results.component.ts
[Error - 1:22:17 p.m.] No config file for /home/petro/Desktop/angularKnowledge/knowledgedepot-angular-clone/src/app/components/results/results.component.ts
[Error - 1:22:18 p.m.] No config file for /home/petro/Desktop/angularKnowledge/knowledgedepot-angular-clone/src/app/components/results/results.component.ts
[Error - 1:22:18 p.m.] No config file for /home/petro/Desktop/angularKnowledge/knowledgedepot-angular-clone/src/app/components/results/results.component.ts
[Error - 1:22:18 p.m.] No config file for /home/petro/Desktop/angularKnowledge/knowledgedepot-angular-clone/src/app/components/results/results.component.ts
[Error - 1:22:18 p.m.] No config file for /home/petro/Desktop/angularKnowledge/knowledgedepot-angular-clone/src/app/components/results/results.component.ts
[Error - 1:22:19 p.m.] No config file for /home/petro/Desktop/angularKnowledge/knowledgedepot-angular-clone/src/app/components/results/results.component.ts
[Error - 1:22:20 p.m.] No config file for /home/petro/Desktop/angularKnowledge/knowledgedepot-angular-clone/src/app/components/results/results.component.ts
[Error - 1:22:23 p.m.] No config file for /home/petro/Desktop/angularKnowledge/knowledgedepot-angular-clone/src/app/components/results/results.component.ts
[Error - 1:22:25 p.m.] No config file for /home/petro/Desktop/angularKnowledge/knowledgedepot-angular-clone/src/app/components/results/results.component.ts
[Error - 1:22:27 p.m.] No config file for /home/petro/Desktop/angularKnowledge/knowledgedepot-angular-clone/src/app/components/results/results.component.ts
[Error - 1:22:35 p.m.] No config file for /home/petro/Desktop/angularKnowledge/knowledgedepot-angular-clone/src/app/components/results/results.component.ts
[Error - 1:23:22 p.m.] No config file for /home/petro/Desktop/angularKnowledge/knowledgedepot-angular-clone/src/app/components/results/results.component.ts
[Error - 1:23:23 p.m.] No config file for /home/petro/Desktop/angularKnowledge/knowledgedepot-angular-clone/src/app/components/results/results.component.ts
[Error - 1:23:23 p.m.] No config file for /home/petro/Desktop/angularKnowledge/knowledgedepot-angular-clone/src/app/components/results/results.component.ts
[Error - 1:23:28 p.m.] No config file for /home/petro/Desktop/angularKnowledge/knowledgedepot-angular-clone/src/app/components/results/results.component.ts
[Error - 1:23:28 p.m.] No config file for /home/petro/Desktop/angularKnowledge/knowledgedepot-angular-clone/src/app/components/results/results.component.ts
[Error - 1:23:32 p.m.] No config file for /home/petro/Desktop/angularKnowledge/knowledgedepot-angular-clone/src/app/components/results/results.component.ts
[Error - 1:23:33 p.m.] No config file for /home/petro/Desktop/angularKnowledge/knowledgedepot-angular-clone/src/app/components/results/results.component.ts
[Error - 1:23:34 p.m.] No config file for /home/petro/Desktop/angularKnowledge/knowledgedepot-angular-clone/src/app/components/results/results.component.ts
[Error - 1:23:34 p.m.] No config file for /home/petro/Desktop/angularKnowledge/knowledgedepot-angular-clone/src/app/components/results/results.component.ts
[Error - 1:23:35 p.m.] No config file for /home/petro/Desktop/angularKnowledge/knowledgedepot-angular-clone/src/app/components/results/results.component.ts
[Error - 1:23:36 p.m.] No config file for /home/petro/Desktop/angularKnowledge/knowledgedepot-angular-clone/src/app/components/results/results.component.ts
[Error - 1:23:36 p.m.] No config file for /home/petro/Desktop/angularKnowledge/knowledgedepot-angular-clone/src/app/components/results/results.component.ts
[Error - 1:23:36 p.m.] No config file for /home/petro/Desktop/angularKnowledge/knowledgedepot-angular-clone/src/app/components/results/results.component.ts
[Error - 1:23:36 p.m.] No config file for /home/petro/Desktop/angularKnowledge/knowledgedepot-angular-clone/src/app/components/results/results.component.ts
[Error - 1:23:36 p.m.] No config file for /home/petro/Desktop/angularKnowledge/knowledgedepot-angular-clone/src/app/components/results/results.component.ts
[Error - 1:23:37 p.m.] No config file for /home/petro/Desktop/angularKnowledge/knowledgedepot-angular-clone/src/app/components/results/results.component.ts
[Error - 1:23:37 p.m.] No config file for /home/petro/Desktop/angularKnowledge/knowledgedepot-angular-clone/src/app/components/results/results.component.ts
[Error - 1:23:37 p.m.] No config file for /home/petro/Desktop/angularKnowledge/knowledgedepot-angular-clone/src/app/components/results/results.component.ts
[Error - 1:23:37 p.m.] No config file for /home/petro/Desktop/angularKnowledge/knowledgedepot-angular-clone/src/app/components/results/results.component.ts
[Error - 1:23:37 p.m.] No config file for /home/petro/Desktop/angularKnowledge/knowledgedepot-angular-clone/src/app/components/results/results.component.ts
[Error - 1:23:38 p.m.] No config file for /home/petro/Desktop/angularKnowledge/knowledgedepot-angular-clone/src/app/components/results/results.component.ts
[Error - 1:23:39 p.m.] No config file for /home/petro/Desktop/angularKnowledge/knowledgedepot-angular-clone/src/app/components/results/results.component.ts
[Error - 1:23:40 p.m.] No config file for /home/petro/Desktop/angularKnowledge/knowledgedepot-angular-clone/src/app/components/results/results.component.ts
[Error - 1:23:43 p.m.] No config file for /home/petro/Desktop/angularKnowledge/knowledgedepot-angular-clone/src/app/components/results/results.component.ts
[Error - 1:23:45 p.m.] No config file for /home/petro/Desktop/angularKnowledge/knowledgedepot-angular-clone/src/app/components/results/results.component.ts
[Error - 1:24:08 p.m.] No config file for /home/petro/Desktop/angularKnowledge/knowledgedepot-angular-clone/src/app/components/results/results.component.ts
[Error - 1:24:08 p.m.] No config file for /home/petro/Desktop/angularKnowledge/knowledgedepot-angular-clone/src/app/components/results/results.component.ts
[Error - 1:24:59 p.m.] No config file for /home/petro/Desktop/angularKnowledge/knowledgedepot-angular-clone/src/app/components/results/results.component.ts
[Error - 1:24:59 p.m.] No config file for /home/petro/Desktop/angularKnowledge/knowledgedepot-angular-clone/src/app/components/results/results.component.ts
[Error - 1:25:21 p.m.] No config file for /home/petro/Desktop/angularKnowledge/knowledgedepot-angular-clone/src/app/common/services/ifAuthenticated.service.ts
[Error - 1:25:22 p.m.] No config file for /home/petro/Desktop/angularKnowledge/knowledgedepot-angular-clone/src/app/common/services/ifAuthenticated.service.ts
[Error - 1:25:23 p.m.] No config file for /home/petro/Desktop/angularKnowledge/knowledgedepot-angular-clone/src/app/common/services/ifAuthenticated.service.ts
[Error - 1:25:23 p.m.] No config file for /home/petro/Desktop/angularKnowledge/knowledgedepot-angular-clone/src/app/common/services/ifAuthenticated.service.ts
[Error - 1:25:28 p.m.] No config file for /home/petro/Desktop/angularKnowledge/knowledgedepot-angular-clone/src/app/common/services/ifAuthenticated.service.ts
[Error - 1:25:30 p.m.] No config file for /home/petro/Desktop/angularKnowledge/knowledgedepot-angular-clone/src/app/common/services/ifAuthenticated.service.ts
[Error - 1:26:06 p.m.] No config file for /home/petro/Desktop/angularKnowledge/knowledgedepot-angular-clone/src/app/common/services/ifAuthenticated.service.ts
[Error - 1:26:08 p.m.] No config file for /home/petro/Desktop/angularKnowledge/knowledgedepot-angular-clone/src/app/common/services/ifAuthenticated.service.ts
[Error - 1:26:08 p.m.] No config file for /home/petro/Desktop/angularKnowledge/knowledgedepot-angular-clone/src/app/common/services/ifAuthenticated.service.ts
[Error - 1:26:08 p.m.] No config file for /home/petro/Desktop/angularKnowledge/knowledgedepot-angular-clone/src/app/common/services/ifAuthenticated.service.ts
[Error - 1:26:09 p.m.] No config file for /home/petro/Desktop/angularKnowledge/knowledgedepot-angular-clone/src/app/common/services/ifAuthenticated.service.ts
[Error - 1:26:09 p.m.] No config file for /home/petro/Desktop/angularKnowledge/knowledgedepot-angular-clone/src/app/common/services/ifAuthenticated.service.ts
[Error - 1:26:09 p.m.] No config file for /home/petro/Desktop/angularKnowledge/knowledgedepot-angular-clone/src/app/common/services/ifAuthenticated.service.ts
[Error - 1:26:10 p.m.] No config file for /home/petro/Desktop/angularKnowledge/knowledgedepot-angular-clone/src/app/common/services/ifAuthenticated.service.ts
[Error - 1:26:10 p.m.] No config file for /home/petro/Desktop/angularKnowledge/knowledgedepot-angular-clone/src/app/common/services/ifAuthenticated.service.ts
[Error - 1:26:10 p.m.] No config file for /home/petro/Desktop/angularKnowledge/knowledgedepot-angular-clone/src/app/common/services/ifAuthenticated.service.ts
[Error - 1:26:10 p.m.] No config file for /home/petro/Desktop/angularKnowledge/knowledgedepot-angular-clone/src/app/common/services/ifAuthenticated.service.ts
[Error - 1:26:10 p.m.] No config file for /home/petro/Desktop/angularKnowledge/knowledgedepot-angular-clone/src/app/common/services/ifAuthenticated.service.ts
[Error - 1:26:10 p.m.] No config file for /home/petro/Desktop/angularKnowledge/knowledgedepot-angular-clone/src/app/common/services/ifAuthenticated.service.ts
[Error - 1:26:11 p.m.] No config file for /home/petro/Desktop/angularKnowledge/knowledgedepot-angular-clone/src/app/common/services/ifAuthenticated.service.ts
[Error - 1:26:11 p.m.] No config file for /home/petro/Desktop/angularKnowledge/knowledgedepot-angular-clone/src/app/common/services/ifAuthenticated.service.ts
[Error - 1:26:11 p.m.] No config file for /home/petro/Desktop/angularKnowledge/knowledgedepot-angular-clone/src/app/common/services/ifAuthenticated.service.ts
[Error - 1:26:13 p.m.] No config file for /home/petro/Desktop/angularKnowledge/knowledgedepot-angular-clone/src/app/common/services/ifAuthenticated.service.ts
[Error - 1:26:13 p.m.] No config file for /home/petro/Desktop/angularKnowledge/knowledgedepot-angular-clone/src/app/common/services/ifAuthenticated.service.ts
[Error - 1:26:13 p.m.] No config file for /home/petro/Desktop/angularKnowledge/knowledgedepot-angular-clone/src/app/common/services/ifAuthenticated.service.ts
[Error - 1:26:13 p.m.] No config file for /home/petro/Desktop/angularKnowledge/knowledgedepot-angular-clone/src/app/common/services/ifAuthenticated.service.ts
[Error - 1:26:15 p.m.] No config file for /home/petro/Desktop/angularKnowledge/knowledgedepot-angular-clone/src/app/common/services/ifAuthenticated.service.ts
[Error - 1:27:19 p.m.] No config file for /home/petro/Desktop/angularKnowledge/knowledgedepot-angular-clone/src/app/common/services/ifAuthenticated.service.ts
[Error - 1:27:59 p.m.] No config file for /home/petro/Desktop/angularKnowledge/knowledgedepot-angular-clone/src/app/app.module.ts
[Error - 1:27:59 p.m.] No config file for /home/petro/Desktop/angularKnowledge/knowledgedepot-angular-clone/src/app/app.module.ts
[Error - 1:28:04 p.m.] No config file for /home/petro/Desktop/angularKnowledge/knowledgedepot-angular-clone/src/app/app.module.ts
[Error - 1:28:04 p.m.] No config file for /home/petro/Desktop/angularKnowledge/knowledgedepot-angular-clone/src/app/app.module.ts
[Error - 1:28:04 p.m.] No config file for /home/petro/Desktop/angularKnowledge/knowledgedepot-angular-clone/src/app/app.module.ts
[Error - 1:28:07 p.m.] No config file for /home/petro/Desktop/angularKnowledge/knowledgedepot-angular-clone/src/app/app.module.ts
[Error - 1:28:08 p.m.] No config file for /home/petro/Desktop/angularKnowledge/knowledgedepot-angular-clone/src/app/app.module.ts
[Error - 1:28:08 p.m.] No config file for /home/petro/Desktop/angularKnowledge/knowledgedepot-angular-clone/src/app/app.module.ts
[Error - 1:28:22 p.m.] No config file for /home/petro/Desktop/angularKnowledge/knowledgedepot-angular-clone/src/app/app.module.ts
[Error - 1:28:23 p.m.] No config file for /home/petro/Desktop/angularKnowledge/knowledgedepot-angular-clone/src/app/app.module.ts
[Error - 1:28:23 p.m.] No config file for /home/petro/Desktop/angularKnowledge/knowledgedepot-angular-clone/src/app/app.module.ts
[Error - 1:28:24 p.m.] No config file for /home/petro/Desktop/angularKnowledge/knowledgedepot-angular-clone/src/app/app.module.ts
[Error - 1:28:25 p.m.] No config file for /home/petro/Desktop/angularKnowledge/knowledgedepot-angular-clone/src/app/app.module.ts
[Error - 1:28:25 p.m.] No config file for /home/petro/Desktop/angularKnowledge/knowledgedepot-angular-clone/src/app/app.module.ts
[Error - 1:28:25 p.m.] No config file for /home/petro/Desktop/angularKnowledge/knowledgedepot-angular-clone/src/app/app.module.ts
[Error - 1:28:29 p.m.] No config file for /home/petro/Desktop/angularKnowledge/knowledgedepot-angular-clone/src/app/app.module.ts
[Error - 1:28:30 p.m.] No config file for /home/petro/Desktop/angularKnowledge/knowledgedepot-angular-clone/src/app/app.module.ts
[Error - 1:28:30 p.m.] No config file for /home/petro/Desktop/angularKnowledge/knowledgedepot-angular-clone/src/app/app.module.ts
[Error - 1:28:32 p.m.] No config file for /home/petro/Desktop/angularKnowledge/knowledgedepot-angular-clone/src/app/app.module.ts
[Error - 1:28:39 p.m.] No config file for /home/petro/Desktop/angularKnowledge/knowledgedepot-angular-clone/src/app/app.module.ts
[Error - 1:28:42 p.m.] No config file for /home/petro/Desktop/angularKnowledge/knowledgedepot-angular-clone/src/app/app.module.ts
[Error - 1:28:43 p.m.] No config file for /home/petro/Desktop/angularKnowledge/knowledgedepot-angular-clone/src/app/app.module.ts
[Error - 1:28:46 p.m.] No config file for /home/petro/Desktop/angularKnowledge/knowledgedepot-angular-clone/src/app/app.module.ts
[Error - 1:28:47 p.m.] No config file for /home/petro/Desktop/angularKnowledge/knowledgedepot-angular-clone/src/app/app.module.ts
[Error - 1:28:55 p.m.] No config file for /home/petro/Desktop/angularKnowledge/knowledgedepot-angular-clone/src/app/app.module.ts
[Error - 1:28:55 p.m.] No config file for /home/petro/Desktop/angularKnowledge/knowledgedepot-angular-clone/src/app/app.module.ts
[Error - 1:28:55 p.m.] No config file for /home/petro/Desktop/angularKnowledge/knowledgedepot-angular-clone/src/app/app.module.ts
[Error - 1:28:55 p.m.] No config file for /home/petro/Desktop/angularKnowledge/knowledgedepot-angular-clone/src/app/app.module.ts
[Error - 1:29:00 p.m.] No config file for /home/petro/Desktop/angularKnowledge/knowledgedepot-angular-clone/src/app/app.module.ts
[Error - 1:29:26 p.m.] No config file for /home/petro/Desktop/angularKnowledge/knowledgedepot-angular-clone/src/app/app.module.ts
[Error - 1:29:26 p.m.] No config file for /home/petro/Desktop/angularKnowledge/knowledgedepot-angular-clone/src/app/app.module.ts
[Error - 1:29:29 p.m.] No config file for /home/petro/Desktop/angularKnowledge/knowledgedepot-angular-clone/src/app/app.module.ts
[Error - 1:29:30 p.m.] No config file for /home/petro/Desktop/angularKnowledge/knowledgedepot-angular-clone/src/app/app.module.ts
[Error - 1:29:30 p.m.] No config file for /home/petro/Desktop/angularKnowledge/knowledgedepot-angular-clone/src/app/app.module.ts
[Error - 1:29:30 p.m.] No config file for /home/petro/Desktop/angularKnowledge/knowledgedepot-angular-clone/src/app/app.module.ts
[Error - 1:29:31 p.m.] No config file for /home/petro/Desktop/angularKnowledge/knowledgedepot-angular-clone/src/app/app.module.ts
[Error - 1:29:31 p.m.] No config file for /home/petro/Desktop/angularKnowledge/knowledgedepot-angular-clone/src/app/app.module.ts
[Error - 1:29:32 p.m.] No config file for /home/petro/Desktop/angularKnowledge/knowledgedepot-angular-clone/src/app/app.module.ts
[Error - 1:29:45 p.m.] No config file for /home/petro/Desktop/angularKnowledge/knowledgedepot-angular-clone/src/app/app.module.ts
[Error - 1:29:45 p.m.] No config file for /home/petro/Desktop/angularKnowledge/knowledgedepot-angular-clone/src/app/app.module.ts
[Error - 1:29:48 p.m.] No config file for /home/petro/Desktop/angularKnowledge/knowledgedepot-angular-clone/src/app/app.module.ts
[Error - 1:29:49 p.m.] No config file for /home/petro/Desktop/angularKnowledge/knowledgedepot-angular-clone/src/app/app.module.ts
[Error - 1:29:52 p.m.] No config file for /home/petro/Desktop/angularKnowledge/knowledgedepot-angular-clone/src/app/app.module.ts
[Error - 1:29:54 p.m.] No config file for /home/petro/Desktop/angularKnowledge/knowledgedepot-angular-clone/src/app/app.module.ts
[Error - 1:30:34 p.m.] No config file for /home/petro/Desktop/angularKnowledge/knowledgedepot-angular-clone/src/app/app.module.ts
[Error - 1:30:44 p.m.] No config file for /home/petro/Desktop/angularKnowledge/knowledgedepot-angular-clone/src/app/app.module.ts
[Error - 1:30:44 p.m.] No config file for /home/petro/Desktop/angularKnowledge/knowledgedepot-angular-clone/src/app/app.module.ts
[Error - 1:30:45 p.m.] No config file for /home/petro/Desktop/angularKnowledge/knowledgedepot-angular-clone/src/app/app.module.ts
[Error - 1:31:21 p.m.] No config file for /home/petro/Desktop/angularKnowledge/knowledgedepot-angular-clone/src/app/app.module.ts
[Error - 1:31:26 p.m.] No config file for /home/petro/Desktop/angularKnowledge/knowledgedepot-angular-clone/src/app/app.module.ts
[Error - 1:41:03 p.m.] No config file for /home/petro/Desktop/angularKnowledge/knowledgedepot-angular-clone/src/app/components/results/results.component.ts
[Error - 1:42:34 p.m.] No config file for /home/petro/Desktop/angularKnowledge/knowledgedepot-angular-clone/src/app/components/results/results.component.ts
[Error - 1:42:36 p.m.] No config file for /home/petro/Desktop/angularKnowledge/knowledgedepot-angular-clone/src/app/components/results/results.component.ts
[Error - 1:42:36 p.m.] No config file for /home/petro/Desktop/angularKnowledge/knowledgedepot-angular-clone/src/app/components/results/results.component.ts
[Error - 1:42:36 p.m.] No config file for /home/petro/Desktop/angularKnowledge/knowledgedepot-angular-clone/src/app/components/results/results.component.ts
[Error - 1:42:37 p.m.] No config file for /home/petro/Desktop/angularKnowledge/knowledgedepot-angular-clone/src/app/components/results/results.component.ts
[Error - 1:42:37 p.m.] No config file for /home/petro/Desktop/angularKnowledge/knowledgedepot-angular-clone/src/app/components/results/results.component.ts
[Error - 1:42:38 p.m.] No config file for /home/petro/Desktop/angularKnowledge/knowledgedepot-angular-clone/src/app/components/results/results.component.ts
[Error - 1:42:38 p.m.] No config file for /home/petro/Desktop/angularKnowledge/knowledgedepot-angular-clone/src/app/components/results/results.component.ts
[Error - 1:42:38 p.m.] No config file for /home/petro/Desktop/angularKnowledge/knowledgedepot-angular-clone/src/app/components/results/results.component.ts
[Error - 1:42:38 p.m.] No config file for /home/petro/Desktop/angularKnowledge/knowledgedepot-angular-clone/src/app/components/results/results.component.ts
[Error - 1:42:39 p.m.] No config file for /home/petro/Desktop/angularKnowledge/knowledgedepot-angular-clone/src/app/components/results/results.component.ts
[Error - 1:42:39 p.m.] No config file for /home/petro/Desktop/angularKnowledge/knowledgedepot-angular-clone/src/app/components/results/results.component.ts
[Error - 1:42:40 p.m.] No config file for /home/petro/Desktop/angularKnowledge/knowledgedepot-angular-clone/src/app/components/results/results.component.ts
[Error - 1:42:40 p.m.] No config file for /home/petro/Desktop/angularKnowledge/knowledgedepot-angular-clone/src/app/components/results/results.component.ts
[Error - 1:42:42 p.m.] No config file for /home/petro/Desktop/angularKnowledge/knowledgedepot-angular-clone/src/app/components/results/results.component.ts
[Error - 1:42:42 p.m.] No config file for /home/petro/Desktop/angularKnowledge/knowledgedepot-angular-clone/src/app/components/results/results.component.ts
[Error - 1:42:43 p.m.] No config file for /home/petro/Desktop/angularKnowledge/knowledgedepot-angular-clone/src/app/components/results/results.component.ts
[Error - 1:42:43 p.m.] No config file for /home/petro/Desktop/angularKnowledge/knowledgedepot-angular-clone/src/app/components/results/results.component.ts
[Error - 1:42:45 p.m.] No config file for /home/petro/Desktop/angularKnowledge/knowledgedepot-angular-clone/src/app/components/results/results.component.ts
[Error - 1:42:46 p.m.] No config file for /home/petro/Desktop/angularKnowledge/knowledgedepot-angular-clone/src/app/components/results/results.component.ts
[Error - 1:42:46 p.m.] No config file for /home/petro/Desktop/angularKnowledge/knowledgedepot-angular-clone/src/app/components/results/results.component.ts
[Error - 1:42:57 p.m.] No config file for /home/petro/Desktop/angularKnowledge/knowledgedepot-angular-clone/src/app/components/results/results.component.ts
[Error - 1:44:37 p.m.] No config file for /home/petro/Desktop/angularKnowledge/knowledgedepot-angular-clone/src/app/common/services/ifAuthenticated.service.ts
[Error - 1:44:59 p.m.] No config file for /home/petro/Desktop/angularKnowledge/knowledgedepot-angular-clone/src/app/common/services/auth-guard.service.ts
[Error - 1:44:59 p.m.] No config file for /home/petro/Desktop/angularKnowledge/knowledgedepot-angular-clone/src/app/common/services/ifAuthenticated.service.ts
[Error - 1:44:59 p.m.] No config file for /home/petro/Desktop/angularKnowledge/knowledgedepot-angular-clone/src/app/components/results/results.component.ts
[Error - 1:44:59 p.m.] No config file for /home/petro/Desktop/angularKnowledge/knowledgedepot-angular-clone/src/app/app-routing.module.ts
[Error - 1:44:59 p.m.] No config file for /home/petro/Desktop/angularKnowledge/knowledgedepot-angular-clone/src/app/app.module.ts
[Error - 1:44:59 p.m.] No config file for /home/petro/Desktop/angularKnowledge/knowledgedepot-angular-clone/src/app/common/models/authenticated-model.ts
[Error - 1:45:59 p.m.] No config file for /home/petro/Desktop/angularKnowledge/knowledgedepot-angular-clone/src/app/common/services/ifAuthenticated.service.ts
[Error - 1:46:57 p.m.] No config file for /home/petro/Desktop/angularKnowledge/knowledgedepot-angular-clone/src/app/common/services/ifAuthenticated.service.ts
[Error - 1:46:58 p.m.] No config file for /home/petro/Desktop/angularKnowledge/knowledgedepot-angular-clone/src/app/common/services/ifAuthenticated.service.ts
[Error - 1:46:58 p.m.] No config file for /home/petro/Desktop/angularKnowledge/knowledgedepot-angular-clone/src/app/common/services/ifAuthenticated.service.ts
[Error - 1:46:59 p.m.] No config file for /home/petro/Desktop/angularKnowledge/knowledgedepot-angular-clone/src/app/common/services/ifAuthenticated.service.ts
[Error - 1:46:59 p.m.] No config file for /home/petro/Desktop/angularKnowledge/knowledgedepot-angular-clone/src/app/common/services/ifAuthenticated.service.ts
[Error - 1:47:23 p.m.] No config file for /home/petro/Desktop/angularKnowledge/knowledgedepot-angular-clone/src/app/common/services/ifAuthenticated.service.ts
[Error - 1:47:26 p.m.] No config file for /home/petro/Desktop/angularKnowledge/knowledgedepot-angular-clone/src/app/common/services/ifAuthenticated.service.ts
[Error - 1:47:26 p.m.] No config file for /home/petro/Desktop/angularKnowledge/knowledgedepot-angular-clone/src/app/common/services/ifAuthenticated.service.ts
[Error - 1:47:26 p.m.] No config file for /home/petro/Desktop/angularKnowledge/knowledgedepot-angular-clone/src/app/common/services/ifAuthenticated.service.ts
[Error - 1:47:27 p.m.] No config file for /home/petro/Desktop/angularKnowledge/knowledgedepot-angular-clone/src/app/common/services/ifAuthenticated.service.ts
[Error - 1:47:31 p.m.] No config file for /home/petro/Desktop/angularKnowledge/knowledgedepot-angular-clone/src/app/common/services/ifAuthenticated.service.ts
[Error - 1:47:32 p.m.] No config file for /home/petro/Desktop/angularKnowledge/knowledgedepot-angular-clone/src/app/common/services/ifAuthenticated.service.ts
[Error - 1:47:32 p.m.] No config file for /home/petro/Desktop/angularKnowledge/knowledgedepot-angular-clone/src/app/common/services/ifAuthenticated.service.ts
[Error - 1:47:35 p.m.] No config file for /home/petro/Desktop/angularKnowledge/knowledgedepot-angular-clone/src/app/common/services/ifAuthenticated.service.ts
[Error - 1:47:39 p.m.] No config file for /home/petro/Desktop/angularKnowledge/knowledgedepot-angular-clone/src/app/common/services/ifAuthenticated.service.ts
[Error - 1:47:41 p.m.] No config file for /home/petro/Desktop/angularKnowledge/knowledgedepot-angular-clone/src/app/common/services/ifAuthenticated.service.ts
[Error - 1:47:41 p.m.] No config file for /home/petro/Desktop/angularKnowledge/knowledgedepot-angular-clone/src/app/common/services/ifAuthenticated.service.ts
[Error - 1:47:42 p.m.] No config file for /home/petro/Desktop/angularKnowledge/knowledgedepot-angular-clone/src/app/common/services/ifAuthenticated.service.ts
[Error - 1:47:42 p.m.] No config file for /home/petro/Desktop/angularKnowledge/knowledgedepot-angular-clone/src/app/common/services/ifAuthenticated.service.ts
[Error - 1:47:43 p.m.] No config file for /home/petro/Desktop/angularKnowledge/knowledgedepot-angular-clone/src/app/common/services/ifAuthenticated.service.ts
[Error - 1:47:43 p.m.] No config file for /home/petro/Desktop/angularKnowledge/knowledgedepot-angular-clone/src/app/common/services/ifAuthenticated.service.ts
[Error - 1:47:50 p.m.] No config file for /home/petro/Desktop/angularKnowledge/knowledgedepot-angular-clone/src/app/common/services/ifAuthenticated.service.ts
[Error - 1:47:50 p.m.] No config file for /home/petro/Desktop/angularKnowledge/knowledgedepot-angular-clone/src/app/common/services/ifAuthenticated.service.ts
[Error - 1:47:51 p.m.] No config file for /home/petro/Desktop/angularKnowledge/knowledgedepot-angular-clone/src/app/common/services/ifAuthenticated.service.ts
[Error - 1:47:51 p.m.] No config file for /home/petro/Desktop/angularKnowledge/knowledgedepot-angular-clone/src/app/common/services/ifAuthenticated.service.ts
[Error - 1:47:51 p.m.] No config file for /home/petro/Desktop/angularKnowledge/knowledgedepot-angular-clone/src/app/common/services/ifAuthenticated.service.ts
[Error - 1:47:53 p.m.] No config file for /home/petro/Desktop/angularKnowledge/knowledgedepot-angular-clone/src/app/common/services/ifAuthenticated.service.ts
[Error - 1:47:53 p.m.] No config file for /home/petro/Desktop/angularKnowledge/knowledgedepot-angular-clone/src/app/common/services/ifAuthenticated.service.ts
[Error - 1:47:57 p.m.] No config file for /home/petro/Desktop/angularKnowledge/knowledgedepot-angular-clone/src/app/common/services/ifAuthenticated.service.ts
[Error - 1:47:57 p.m.] No config file for /home/petro/Desktop/angularKnowledge/knowledgedepot-angular-clone/src/app/common/services/ifAuthenticated.service.ts
[Error - 1:47:58 p.m.] No config file for /home/petro/Desktop/angularKnowledge/knowledgedepot-angular-clone/src/app/common/services/ifAuthenticated.service.ts
[Error - 1:47:58 p.m.] No config file for /home/petro/Desktop/angularKnowledge/knowledgedepot-angular-clone/src/app/common/services/ifAuthenticated.service.ts
[Error - 1:47:58 p.m.] No config file for /home/petro/Desktop/angularKnowledge/knowledgedepot-angular-clone/src/app/common/services/ifAuthenticated.service.ts
[Error - 1:47:59 p.m.] No config file for /home/petro/Desktop/angularKnowledge/knowledgedepot-angular-clone/src/app/common/services/ifAuthenticated.service.ts
[Error - 1:48:04 p.m.] No config file for /home/petro/Desktop/angularKnowledge/knowledgedepot-angular-clone/src/app/common/services/ifAuthenticated.service.ts
[Error - 1:48:04 p.m.] No config file for /home/petro/Desktop/angularKnowledge/knowledgedepot-angular-clone/src/app/common/services/ifAuthenticated.service.ts
[Error - 1:48:05 p.m.] No config file for /home/petro/Desktop/angularKnowledge/knowledgedepot-angular-clone/src/app/common/services/ifAuthenticated.service.ts
[Error - 1:48:06 p.m.] No config file for /home/petro/Desktop/angularKnowledge/knowledgedepot-angular-clone/src/app/common/services/ifAuthenticated.service.ts
[Error - 1:48:06 p.m.] No config file for /home/petro/Desktop/angularKnowledge/knowledgedepot-angular-clone/src/app/common/services/ifAuthenticated.service.ts
[Error - 1:48:27 p.m.] No config file for /home/petro/Desktop/angularKnowledge/knowledgedepot-angular-clone/src/app/common/services/ifAuthenticated.service.ts
[Error - 1:49:07 p.m.] No config file for /home/petro/Desktop/angularKnowledge/knowledgedepot-angular-clone/src/app/components/results/results.component.ts
[Error - 1:49:07 p.m.] No config file for /home/petro/Desktop/angularKnowledge/knowledgedepot-angular-clone/src/app/components/results/results.component.ts
[Error - 1:50:59 p.m.] No config file for /home/petro/Desktop/angularKnowledge/knowledgedepot-angular-clone/src/app/common/reducers/app.reducer.ts
[Error - 1:51:03 p.m.] No config file for /home/petro/Desktop/angularKnowledge/knowledgedepot-angular-clone/src/app/common/reducers/app.reducer.ts
[Error - 1:51:44 p.m.] No config file for /home/petro/Desktop/angularKnowledge/knowledgedepot-angular-clone/src/app/components/results/results.component.ts
[Error - 1:51:48 p.m.] No config file for /home/petro/Desktop/angularKnowledge/knowledgedepot-angular-clone/src/app/components/results/results.component.ts
[Error - 1:54:38 p.m.] No config file for /home/petro/Desktop/angularKnowledge/knowledgedepot-angular-clone/src/app/common/reducers/app.reducer.ts
[Error - 1:54:39 p.m.] No config file for /home/petro/Desktop/angularKnowledge/knowledgedepot-angular-clone/src/app/common/reducers/app.reducer.ts
[Error - 1:54:45 p.m.] No config file for /home/petro/Desktop/angularKnowledge/knowledgedepot-angular-clone/src/app/common/reducers/app.reducer.ts
[Error - 1:55:30 p.m.] No config file for /home/petro/Desktop/angularKnowledge/knowledgedepot-angular-clone/src/app/components/results/results.component.ts
[Error - 1:55:30 p.m.] No config file for /home/petro/Desktop/angularKnowledge/knowledgedepot-angular-clone/src/app/components/results/results.component.ts
[Error - 2:10:50 p.m.] No config file for /home/petro/Desktop/angularKnowledge/knowledgedepot-angular-clone/src/app/components/navbar/navbar.component.html
[Error - 2:10:50 p.m.] No config file for /home/petro/Desktop/angularKnowledge/knowledgedepot-angular-clone/src/app/components/navbar/navbar.component.html
[Error - 2:11:08 p.m.] No config file for /home/petro/Desktop/angularKnowledge/knowledgedepot-angular-clone/src/app/components/results/results.component.ts
[Error - 2:11:09 p.m.] No config file for /home/petro/Desktop/angularKnowledge/knowledgedepot-angular-clone/src/app/components/results/results.component.ts
[Error - 2:11:11 p.m.] No config file for /home/petro/Desktop/angularKnowledge/knowledgedepot-angular-clone/src/app/components/results/results.component.ts
[Error - 2:11:13 p.m.] No config file for /home/petro/Desktop/angularKnowledge/knowledgedepot-angular-clone/src/app/components/results/results.component.ts
[Error - 2:11:36 p.m.] No config file for /home/petro/Desktop/angularKnowledge/knowledgedepot-angular-clone/src/app/components/navbar/navbar.component.ts
[Error - 2:11:37 p.m.] No config file for /home/petro/Desktop/angularKnowledge/knowledgedepot-angular-clone/src/app/components/navbar/navbar.component.ts
[Error - 2:11:38 p.m.] No config file for /home/petro/Desktop/angularKnowledge/knowledgedepot-angular-clone/src/app/components/navbar/navbar.component.ts
[Error - 2:11:43 p.m.] No config file for /home/petro/Desktop/angularKnowledge/knowledgedepot-angular-clone/src/app/components/navbar/navbar.component.ts
[Error - 2:11:43 p.m.] No config file for /home/petro/Desktop/angularKnowledge/knowledgedepot-angular-clone/src/app/components/navbar/navbar.component.ts
[Error - 2:11:43 p.m.] No config file for /home/petro/Desktop/angularKnowledge/knowledgedepot-angular-clone/src/app/components/navbar/navbar.component.ts
[Error - 2:11:46 p.m.] No config file for /home/petro/Desktop/angularKnowledge/knowledgedepot-angular-clone/src/app/components/navbar/navbar.component.ts
[Error - 2:11:46 p.m.] No config file for /home/petro/Desktop/angularKnowledge/knowledgedepot-angular-clone/src/app/components/navbar/navbar.component.ts
[Error - 2:11:47 p.m.] No config file for /home/petro/Desktop/angularKnowledge/knowledgedepot-angular-clone/src/app/components/navbar/navbar.component.ts
[Error - 2:11:47 p.m.] No config file for /home/petro/Desktop/angularKnowledge/knowledgedepot-angular-clone/src/app/components/navbar/navbar.component.ts
[Error - 2:11:51 p.m.] No config file for /home/petro/Desktop/angularKnowledge/knowledgedepot-angular-clone/src/app/components/navbar/navbar.component.ts
[Error - 2:11:51 p.m.] No config file for /home/petro/Desktop/angularKnowledge/knowledgedepot-angular-clone/src/app/components/navbar/navbar.component.ts
[Error - 2:11:52 p.m.] No config file for /home/petro/Desktop/angularKnowledge/knowledgedepot-angular-clone/src/app/components/navbar/navbar.component.ts
[Error - 2:11:53 p.m.] No config file for /home/petro/Desktop/angularKnowledge/knowledgedepot-angular-clone/src/app/components/navbar/navbar.component.ts
[Error - 2:11:53 p.m.] No config file for /home/petro/Desktop/angularKnowledge/knowledgedepot-angular-clone/src/app/components/navbar/navbar.component.ts
[Error - 2:11:53 p.m.] No config file for /home/petro/Desktop/angularKnowledge/knowledgedepot-angular-clone/src/app/components/navbar/navbar.component.ts
[Error - 2:11:53 p.m.] No config file for /home/petro/Desktop/angularKnowledge/knowledgedepot-angular-clone/src/app/components/navbar/navbar.component.ts
[Error - 2:11:54 p.m.] No config file for /home/petro/Desktop/angularKnowledge/knowledgedepot-angular-clone/src/app/components/navbar/navbar.component.ts
[Error - 2:11:54 p.m.] No config file for /home/petro/Desktop/angularKnowledge/knowledgedepot-angular-clone/src/app/components/navbar/navbar.component.ts
[Error - 2:11:55 p.m.] No config file for /home/petro/Desktop/angularKnowledge/knowledgedepot-angular-clone/src/app/components/navbar/navbar.component.ts
[Error - 2:11:55 p.m.] No config file for /home/petro/Desktop/angularKnowledge/knowledgedepot-angular-clone/src/app/components/navbar/navbar.component.ts
[Error - 2:11:55 p.m.] No config file for /home/petro/Desktop/angularKnowledge/knowledgedepot-angular-clone/src/app/components/navbar/navbar.component.ts
[Error - 2:11:56 p.m.] No config file for /home/petro/Desktop/angularKnowledge/knowledgedepot-angular-clone/src/app/components/navbar/navbar.component.ts
[Error - 2:11:56 p.m.] No config file for /home/petro/Desktop/angularKnowledge/knowledgedepot-angular-clone/src/app/components/navbar/navbar.component.ts
[Error - 2:11:56 p.m.] No config file for /home/petro/Desktop/angularKnowledge/knowledgedepot-angular-clone/src/app/components/navbar/navbar.component.ts
[Error - 2:11:56 p.m.] No config file for /home/petro/Desktop/angularKnowledge/knowledgedepot-angular-clone/src/app/components/navbar/navbar.component.ts
[Error - 2:11:57 p.m.] No config file for /home/petro/Desktop/angularKnowledge/knowledgedepot-angular-clone/src/app/components/navbar/navbar.component.ts
[Error - 2:11:57 p.m.] No config file for /home/petro/Desktop/angularKnowledge/knowledgedepot-angular-clone/src/app/components/navbar/navbar.component.ts
[Error - 2:11:58 p.m.] No config file for /home/petro/Desktop/angularKnowledge/knowledgedepot-angular-clone/src/app/components/navbar/navbar.component.ts
[Error - 2:11:58 p.m.] No config file for /home/petro/Desktop/angularKnowledge/knowledgedepot-angular-clone/src/app/components/navbar/navbar.component.ts
[Error - 2:12:00 p.m.] No config file for /home/petro/Desktop/angularKnowledge/knowledgedepot-angular-clone/src/app/components/navbar/navbar.component.ts
[Error - 2:12:03 p.m.] No config file for /home/petro/Desktop/angularKnowledge/knowledgedepot-angular-clone/src/app/components/navbar/navbar.component.ts
[Error - 2:12:04 p.m.] No config file for /home/petro/Desktop/angularKnowledge/knowledgedepot-angular-clone/src/app/components/navbar/navbar.component.ts
[Error - 2:12:04 p.m.] No config file for /home/petro/Desktop/angularKnowledge/knowledgedepot-angular-clone/src/app/components/navbar/navbar.component.ts
[Error - 2:12:05 p.m.] No config file for /home/petro/Desktop/angularKnowledge/knowledgedepot-angular-clone/src/app/components/navbar/navbar.component.ts
[Error - 2:12:12 p.m.] No config file for /home/petro/Desktop/angularKnowledge/knowledgedepot-angular-clone/src/app/components/navbar/navbar.component.ts
[Error - 2:12:12 p.m.] No config file for /home/petro/Desktop/angularKnowledge/knowledgedepot-angular-clone/src/app/components/navbar/navbar.component.ts
[Error - 2:12:12 p.m.] No config file for /home/petro/Desktop/angularKnowledge/knowledgedepot-angular-clone/src/app/components/navbar/navbar.component.ts
[Error - 2:12:13 p.m.] No config file for /home/petro/Desktop/angularKnowledge/knowledgedepot-angular-clone/src/app/components/navbar/navbar.component.ts
[Error - 2:12:41 p.m.] No config file for /home/petro/Desktop/angularKnowledge/knowledgedepot-angular-clone/src/app/components/navbar/navbar.component.ts
[Error - 2:12:41 p.m.] No config file for /home/petro/Desktop/angularKnowledge/knowledgedepot-angular-clone/src/app/components/navbar/navbar.component.ts
[Error - 2:12:41 p.m.] No config file for /home/petro/Desktop/angularKnowledge/knowledgedepot-angular-clone/src/app/components/navbar/navbar.component.ts
[Error - 2:12:43 p.m.] No config file for /home/petro/Desktop/angularKnowledge/knowledgedepot-angular-clone/src/app/components/navbar/navbar.component.ts
