Looking for git in: git
Using git 2.17.1 from git
> git rev-parse --git-dir
Open repository: /var/www/laravelknowlegdedepot
> git status -z -u
> git symbolic-ref --short HEAD
> git for-each-ref --format=%(refname)%00%(upstream:short)%00%(upstream:track)%00%(objectname) refs/heads/master refs/remotes/master
> git for-each-ref --sort -committerdate --format %(refname) %(objectname) %(*objectname)
> git remote --verbose
> git config --get commit.template
> git check-ignore -v -z --stdin
> git check-ignore -v -z --stdin
> git check-ignore -v -z --stdin
> git check-ignore -v -z --stdin
> git show --textconv :app/Http/Controllers/AngularController.php
> git ls-files --stage -- /var/www/laravelknowlegdedepot/app/Http/Controllers/AngularController.php
> git cat-file -s 30c804692adaeebb258c1cb18410b871bccf076d
> git show --textconv :routes/web.php
> git ls-files --stage -- /var/www/laravelknowlegdedepot/routes/web.php
> git cat-file -s a048eb76d1f6c85a2b4a14c6ff35e1be253abf02
> git check-ignore -v -z --stdin
> git check-ignore -v -z --stdin
> git show --textconv :app/Http/Controllers/ReactController.php
> git ls-files --stage -- /var/www/laravelknowlegdedepot/app/Http/Controllers/ReactController.php
> git cat-file -s 93a1c43e3fa6399a6a2cb541970436213d9cc2a7
> git show --textconv :app/Http/Controllers/AngularController.php
> git ls-files --stage -- /var/www/laravelknowlegdedepot/app/Http/Controllers/AngularController.php
> git cat-file -s 30c804692adaeebb258c1cb18410b871bccf076d
